Determining if the function ceil exists failed with the following output:
Change Dir: /home/simon/Documents/wikipedia_parser/build2/CMakeFiles/CMakeTmp

Run Build Command(s):/usr/bin/gmake -f Makefile cmTC_dc5ec/fast && /usr/bin/gmake  -f CMakeFiles/cmTC_dc5ec.dir/build.make CMakeFiles/cmTC_dc5ec.dir/build
gmake[1]: Entering directory '/home/simon/Documents/wikipedia_parser/build2/CMakeFiles/CMakeTmp'
Building C object CMakeFiles/cmTC_dc5ec.dir/CheckFunctionExists.c.o
/usr/bin/cc   -DCHECK_FUNCTION_EXISTS=ceil -o CMakeFiles/cmTC_dc5ec.dir/CheckFunctionExists.c.o -c /usr/share/cmake-3.22/Modules/CheckFunctionExists.c
<command-line>: warning: conflicting types for built-in function ‘ceil’; expected ‘double(double)’ [-Wbuiltin-declaration-mismatch]
/usr/share/cmake-3.22/Modules/CheckFunctionExists.c:7:3: note: in expansion of macro ‘CHECK_FUNCTION_EXISTS’
    7 |   CHECK_FUNCTION_EXISTS(void);
      |   ^~~~~~~~~~~~~~~~~~~~~
/usr/share/cmake-3.22/Modules/CheckFunctionExists.c:1:1: note: ‘ceil’ is declared in header ‘<math.h>’
  +++ |+#include <math.h>
    1 | #ifdef CHECK_FUNCTION_EXISTS
Linking C executable cmTC_dc5ec
/usr/bin/cmake -E cmake_link_script CMakeFiles/cmTC_dc5ec.dir/link.txt --verbose=1
/usr/bin/cc  -DCHECK_FUNCTION_EXISTS=ceil -rdynamic CMakeFiles/cmTC_dc5ec.dir/CheckFunctionExists.c.o -o cmTC_dc5ec 
/usr/bin/ld: CMakeFiles/cmTC_dc5ec.dir/CheckFunctionExists.c.o: in function `main':
CheckFunctionExists.c:(.text+0x14): undefined reference to `ceil'
collect2: error: ld returned 1 exit status
gmake[1]: *** [CMakeFiles/cmTC_dc5ec.dir/build.make:99: cmTC_dc5ec] Error 1
gmake[1]: Leaving directory '/home/simon/Documents/wikipedia_parser/build2/CMakeFiles/CMakeTmp'
gmake: *** [Makefile:127: cmTC_dc5ec/fast] Error 2



